C:\USERS\PARK\DESKTOP\SIMPLECHAT\SERVER\JUNK\SERVER_MAIN.OBJ
C:\USERS\PARK\DESKTOP\SIMPLECHAT\SERVER\JUNK\SERVER.OBJ
C:\USERS\PARK\DESKTOP\SIMPLECHAT\SERVER\JUNK\VC110.PDB
C:\USERS\PARK\DESKTOP\SIMPLECHAT\BIN\RELEASE\SERVER.EXE
C:\USERS\PARK\DESKTOP\SIMPLECHAT\BIN\RELEASE\SERVER.PDB
C:\Users\Park\Desktop\SimpleChat\server\junk\Server.obj
C:\Users\Park\Desktop\SimpleChat\server\junk\server_main.obj
C:\Users\Park\Desktop\SimpleChat\server\junk\cl.command.1.tlog
C:\Users\Park\Desktop\SimpleChat\server\junk\CL.read.1.tlog
C:\Users\Park\Desktop\SimpleChat\server\junk\CL.write.1.tlog
C:\Users\Park\Desktop\SimpleChat\server\junk\link-cvtres.read.1.tlog
C:\Users\Park\Desktop\SimpleChat\server\junk\link-cvtres.write.1.tlog
C:\Users\Park\Desktop\SimpleChat\server\junk\link-rc.read.1.tlog
C:\Users\Park\Desktop\SimpleChat\server\junk\link-rc.write.1.tlog
C:\Users\Park\Desktop\SimpleChat\server\junk\link.command.1.tlog
C:\Users\Park\Desktop\SimpleChat\server\junk\link.read.1.tlog
C:\Users\Park\Desktop\SimpleChat\server\junk\link.write.1.tlog
C:\Users\Park\Desktop\SimpleChat\server\junk\vc110.pdb
C:\Users\Park\Desktop\SimpleChat\\bin\Release\server.pdb
C:\Users\Park\Desktop\SimpleChat\\bin\Release\server.exe
