C:\USERS\PARK\DESKTOP\SIMPLECHAT\CLIENT\JUNK\CLIENT_MAIN.OBJ
C:\USERS\PARK\DESKTOP\SIMPLECHAT\CLIENT\JUNK\CLIENT.OBJ
C:\USERS\PARK\DESKTOP\SIMPLECHAT\CLIENT\JUNK\CHATBOX.OBJ
C:\USERS\PARK\DESKTOP\SIMPLECHAT\CLIENT\JUNK\VC110.PDB
C:\USERS\PARK\DESKTOP\SIMPLECHAT\BIN\RELEASE\CLIENT.EXE
C:\USERS\PARK\DESKTOP\SIMPLECHAT\BIN\RELEASE\CLIENT.PDB
C:\Users\Park\Desktop\SimpleChat\client\junk\ChatBox.obj
C:\Users\Park\Desktop\SimpleChat\client\junk\Client.obj
C:\Users\Park\Desktop\SimpleChat\client\junk\client_main.obj
C:\Users\Park\Desktop\SimpleChat\client\junk\cl.command.1.tlog
C:\Users\Park\Desktop\SimpleChat\client\junk\CL.read.1.tlog
C:\Users\Park\Desktop\SimpleChat\client\junk\CL.write.1.tlog
C:\Users\Park\Desktop\SimpleChat\client\junk\link-cvtres.read.1.tlog
C:\Users\Park\Desktop\SimpleChat\client\junk\link-cvtres.write.1.tlog
C:\Users\Park\Desktop\SimpleChat\client\junk\link-rc.read.1.tlog
C:\Users\Park\Desktop\SimpleChat\client\junk\link-rc.write.1.tlog
C:\Users\Park\Desktop\SimpleChat\client\junk\link.command.1.tlog
C:\Users\Park\Desktop\SimpleChat\client\junk\link.read.1.tlog
C:\Users\Park\Desktop\SimpleChat\client\junk\link.write.1.tlog
C:\Users\Park\Desktop\SimpleChat\client\junk\vc110.pdb
C:\Users\Park\Desktop\SimpleChat\\bin\Release\client.pdb
C:\Users\Park\Desktop\SimpleChat\\bin\Release\client.exe
